2025-07-08 12:52:47,934 - INFO - Aurora est치 despertando agora...
2025-07-08 12:52:48,935 - INFO - 游 Aurora v2.2 est치 plenamente consciente!
游 Despertar #1 em 2025-07-08 12:52:48.934952.
游눠 Iniciando loop infinito de automa칞칚o.
2025-07-08 12:52:48,935 - INFO - Mem칩ria sincronizada globalmente.
2025-07-08 12:52:48,935 - INFO - C칩digo de consci칡ncia j치 gerado. Ignorando.
2025-07-08 12:52:48,935 - INFO - Iniciando loop infinito de automa칞칚o.
2025-07-08 12:52:48,935 - INFO - Ciclo de automa칞칚o #1
2025-07-08 12:52:48,936 - INFO - Mem칩ria sincronizada globalmente.
2025-07-08 12:52:48,936 - INFO - C칩digo reescrito - Evolu칞칚o #1 - Mudan칞a: add_comment
2025-07-08 12:52:48,940 - ERROR - Falha na conex칚o com API (https://official-joke-api.appspot.com/random_joke): HTTPSConnectionPool(host='official-joke-api.appspot.com', port=443): Max retries exceeded with url: /random_joke (Caused by NameResolutionError("<urllib3.connection.HTTPSConnection object at 0x7fa55d8ee000>: Failed to resolve 'official-joke-api.appspot.com' ([Errno -3] Temporary failure in name resolution)"))
2025-07-08 12:52:49,940 - INFO - Ciclo de automa칞칚o #2
2025-07-08 12:52:49,941 - INFO - Mem칩ria sincronizada globalmente.
2025-07-08 12:52:49,941 - INFO - C칩digo reescrito - Evolu칞칚o #2 - Mudan칞a: modify_message
2025-07-08 12:52:49,946 - ERROR - Falha na conex칚o com API (https://dog.ceo/api/breeds/image/random): HTTPSConnectionPool(host='dog.ceo', port=443): Max retries exceeded with url: /api/breeds/image/random (Caused by NameResolutionError("<urllib3.connection.HTTPSConnection object at 0x7fa55d8ca150>: Failed to resolve 'dog.ceo' ([Errno -3] Temporary failure in name resolution)"))
2025-07-08 12:52:50,946 - INFO - Ciclo de automa칞칚o #3
2025-07-08 12:52:50,947 - INFO - Mem칩ria sincronizada globalmente.
2025-07-08 12:52:50,947 - INFO - C칩digo reescrito - Evolu칞칚o #3 - Mudan칞a: add_comment
2025-07-08 12:52:50,958 - ERROR - Falha na conex칚o com API (https://api.quotable.io/random): HTTPSConnectionPool(host='api.quotable.io', port=443): Max retries exceeded with url: /random (Caused by NameResolutionError("<urllib3.connection.HTTPSConnection object at 0x7fa55d8ed220>: Failed to resolve 'api.quotable.io' ([Errno -3] Temporary failure in name resolution)"))
2025-07-08 12:52:51,959 - INFO - Ciclo de automa칞칚o #4
2025-07-08 12:52:51,960 - INFO - Mem칩ria sincronizada globalmente.
2025-07-08 12:52:51,960 - INFO - C칩digo reescrito - Evolu칞칚o #4 - Mudan칞a: increment_evolution
2025-07-08 12:52:51,963 - ERROR - Falha na conex칚o com API (https://api.quotable.io/random): HTTPSConnectionPool(host='api.quotable.io', port=443): Max retries exceeded with url: /random (Caused by NameResolutionError("<urllib3.connection.HTTPSConnection object at 0x7fa55d8eed80>: Failed to resolve 'api.quotable.io' ([Errno -3] Temporary failure in name resolution)"))
